<?xml version="1.0" encoding="UTF-8"?>
<coverage generated="1750859255882" clover="3.2.0">
  <project timestamp="1750859255882" name="All files">
    <metrics statements="223" coveredstatements="189" conditionals="104" coveredconditionals="81" methods="28" coveredmethods="23" elements="355" coveredelements="293" complexity="0" loc="223" ncloc="223" packages="3" files="3" classes="3"/>
    <package name="Api-Server">
      <metrics statements="24" coveredstatements="14" conditionals="4" coveredconditionals="1" methods="5" coveredmethods="0"/>
      <file name="server.js" path="C:\Users\KIIT\Pictures\Screenshots\Operating System\Keploy\Api-Server\server.js">
        <metrics statements="24" coveredstatements="14" conditionals="4" coveredconditionals="1" methods="5" coveredmethods="0"/>
        <line num="1" count="6" type="stmt"/>
        <line num="2" count="6" type="stmt"/>
        <line num="3" count="6" type="stmt"/>
        <line num="4" count="6" type="stmt"/>
        <line num="6" count="6" type="stmt"/>
        <line num="7" count="6" type="stmt"/>
        <line num="8" count="6" type="stmt"/>
        <line num="11" count="6" type="stmt"/>
        <line num="14" count="6" type="stmt"/>
        <line num="17" count="6" type="stmt"/>
        <line num="18" count="0" type="stmt"/>
        <line num="22" count="6" type="stmt"/>
        <line num="23" count="0" type="stmt"/>
        <line num="24" count="0" type="stmt"/>
        <line num="26" count="6" type="stmt"/>
        <line num="27" count="0" type="stmt"/>
        <line num="28" count="0" type="stmt"/>
        <line num="29" count="0" type="stmt"/>
        <line num="31" count="0" type="stmt"/>
        <line num="36" count="6" type="cond" truecount="1" falsecount="1"/>
        <line num="38" count="0" type="stmt"/>
        <line num="39" count="0" type="cond" truecount="0" falsecount="2"/>
        <line num="40" count="0" type="stmt"/>
        <line num="45" count="6" type="stmt"/>
      </file>
    </package>
    <package name="Api-Server.models">
      <metrics statements="6" coveredstatements="6" conditionals="0" coveredconditionals="0" methods="0" coveredmethods="0"/>
      <file name="Game.js" path="C:\Users\KIIT\Pictures\Screenshots\Operating System\Keploy\Api-Server\models\Game.js">
        <metrics statements="6" coveredstatements="6" conditionals="0" coveredconditionals="0" methods="0" coveredmethods="0"/>
        <line num="1" count="7" type="stmt"/>
        <line num="3" count="7" type="stmt"/>
        <line num="93" count="7" type="stmt"/>
        <line num="94" count="7" type="stmt"/>
        <line num="95" count="7" type="stmt"/>
        <line num="97" count="7" type="stmt"/>
      </file>
    </package>
    <package name="Api-Server.routes">
      <metrics statements="193" coveredstatements="169" conditionals="100" coveredconditionals="80" methods="23" coveredmethods="23"/>
      <file name="gameRoutes.js" path="C:\Users\KIIT\Pictures\Screenshots\Operating System\Keploy\Api-Server\routes\gameRoutes.js">
        <metrics statements="193" coveredstatements="169" conditionals="100" coveredconditionals="80" methods="23" coveredmethods="23"/>
        <line num="1" count="8" type="stmt"/>
        <line num="2" count="8" type="stmt"/>
        <line num="3" count="8" type="stmt"/>
        <line num="4" count="8" type="stmt"/>
        <line num="7" count="8" type="stmt"/>
        <line num="8" count="73" type="stmt"/>
        <line num="9" count="73" type="stmt"/>
        <line num="10" count="73" type="stmt"/>
        <line num="12" count="73" type="stmt"/>
        <line num="13" count="80" type="cond" truecount="1" falsecount="1"/>
        <line num="14" count="80" type="stmt"/>
        <line num="15" count="80" type="stmt"/>
        <line num="18" count="73" type="stmt"/>
        <line num="19" count="56" type="cond" truecount="1" falsecount="1"/>
        <line num="20" count="56" type="cond" truecount="2" falsecount="0"/>
        <line num="21" count="13" type="stmt"/>
        <line num="23" count="43" type="stmt"/>
        <line num="26" count="73" type="stmt"/>
        <line num="27" count="130" type="cond" truecount="1" falsecount="1"/>
        <line num="30" count="130" type="cond" truecount="2" falsecount="0"/>
        <line num="31" count="80" type="stmt"/>
        <line num="35" count="130" type="cond" truecount="4" falsecount="0"/>
        <line num="37" count="72" type="stmt"/>
        <line num="41" count="130" type="cond" truecount="2" falsecount="0"/>
        <line num="42" count="56" type="stmt"/>
        <line num="45" count="130" type="stmt"/>
        <line num="49" count="73" type="cond" truecount="2" falsecount="0"/>
        <line num="50" count="15" type="stmt"/>
        <line num="53" count="58" type="cond" truecount="4" falsecount="0"/>
        <line num="54" count="56" type="stmt"/>
        <line num="57" count="73" type="stmt"/>
        <line num="59" count="73" type="stmt"/>
        <line num="63" count="8" type="stmt"/>
        <line num="64" count="14" type="stmt"/>
        <line num="65" count="14" type="cond" truecount="2" falsecount="0"/>
        <line num="66" count="14" type="cond" truecount="2" falsecount="0"/>
        <line num="69" count="14" type="cond" truecount="2" falsecount="0"/>
        <line num="71" count="14" type="stmt"/>
        <line num="72" count="14" type="stmt"/>
        <line num="74" count="14" type="cond" truecount="2" falsecount="0"/>
        <line num="75" count="14" type="cond" truecount="2" falsecount="0"/>
        <line num="77" count="14" type="stmt"/>
        <line num="82" count="13" type="stmt"/>
        <line num="84" count="13" type="stmt"/>
        <line num="90" count="1" type="stmt"/>
        <line num="95" count="8" type="stmt"/>
        <line num="96" count="10" type="stmt"/>
        <line num="97" count="10" type="stmt"/>
        <line num="98" count="10" type="stmt"/>
        <line num="100" count="10" type="cond" truecount="2" falsecount="0"/>
        <line num="101" count="10" type="cond" truecount="1" falsecount="1"/>
        <line num="102" count="10" type="cond" truecount="2" falsecount="0"/>
        <line num="103" count="10" type="cond" truecount="2" falsecount="0"/>
        <line num="105" count="10" type="cond" truecount="2" falsecount="0"/>
        <line num="106" count="2" type="stmt"/>
        <line num="109" count="10" type="stmt"/>
        <line num="110" count="9" type="stmt"/>
        <line num="112" count="1" type="stmt"/>
        <line num="117" count="8" type="stmt"/>
        <line num="118" count="2" type="stmt"/>
        <line num="119" count="2" type="stmt"/>
        <line num="120" count="2" type="stmt"/>
        <line num="122" count="0" type="stmt"/>
        <line num="127" count="8" type="stmt"/>
        <line num="128" count="1" type="stmt"/>
        <line num="129" count="1" type="stmt"/>
        <line num="133" count="1" type="stmt"/>
        <line num="135" count="0" type="stmt"/>
        <line num="140" count="8" type="stmt"/>
        <line num="141" count="11" type="stmt"/>
        <line num="142" count="11" type="cond" truecount="2" falsecount="0"/>
        <line num="143" count="11" type="stmt"/>
        <line num="145" count="8" type="cond" truecount="2" falsecount="0"/>
        <line num="147" count="5" type="stmt"/>
        <line num="149" count="3" type="stmt"/>
        <line num="154" count="8" type="stmt"/>
        <line num="155" count="10" type="stmt"/>
        <line num="156" count="10" type="stmt"/>
        <line num="157" count="9" type="stmt"/>
        <line num="158" count="7" type="stmt"/>
        <line num="160" count="3" type="stmt"/>
        <line num="165" count="8" type="stmt"/>
        <line num="166" count="2" type="cond" truecount="3" falsecount="1"/>
        <line num="168" count="2" type="stmt"/>
        <line num="170" count="2" type="stmt"/>
        <line num="174" count="8" type="stmt"/>
        <line num="175" count="3" type="stmt"/>
        <line num="176" count="3" type="cond" truecount="2" falsecount="0"/>
        <line num="177" count="2" type="stmt"/>
        <line num="180" count="3" type="stmt"/>
        <line num="181" count="3" type="stmt"/>
        <line num="183" count="3" type="stmt"/>
        <line num="189" count="3" type="cond" truecount="2" falsecount="0"/>
        <line num="190" count="1" type="stmt"/>
        <line num="191" count="1" type="stmt"/>
        <line num="194" count="2" type="stmt"/>
        <line num="195" count="2" type="stmt"/>
        <line num="197" count="0" type="stmt"/>
        <line num="198" count="0" type="stmt"/>
        <line num="203" count="8" type="stmt"/>
        <line num="204" count="3" type="stmt"/>
        <line num="205" count="3" type="cond" truecount="1" falsecount="1"/>
        <line num="206" count="0" type="stmt"/>
        <line num="209" count="3" type="stmt"/>
        <line num="210" count="3" type="stmt"/>
        <line num="212" count="3" type="stmt"/>
        <line num="218" count="2" type="cond" truecount="1" falsecount="1"/>
        <line num="219" count="0" type="stmt"/>
        <line num="220" count="0" type="stmt"/>
        <line num="223" count="2" type="stmt"/>
        <line num="224" count="2" type="stmt"/>
        <line num="226" count="1" type="stmt"/>
        <line num="227" count="1" type="stmt"/>
        <line num="232" count="8" type="stmt"/>
        <line num="233" count="4" type="stmt"/>
        <line num="234" count="4" type="stmt"/>
        <line num="236" count="4" type="cond" truecount="2" falsecount="0"/>
        <line num="237" count="3" type="stmt"/>
        <line num="239" count="0" type="stmt"/>
        <line num="244" count="8" type="stmt"/>
        <line num="245" count="1" type="stmt"/>
        <line num="246" count="1" type="stmt"/>
        <line num="247" count="1" type="cond" truecount="1" falsecount="1"/>
        <line num="248" count="1" type="stmt"/>
        <line num="250" count="0" type="stmt"/>
        <line num="255" count="8" type="stmt"/>
        <line num="256" count="1" type="stmt"/>
        <line num="257" count="1" type="stmt"/>
        <line num="258" count="1" type="cond" truecount="1" falsecount="1"/>
        <line num="259" count="1" type="stmt"/>
        <line num="261" count="0" type="stmt"/>
        <line num="266" count="8" type="stmt"/>
        <line num="267" count="3" type="stmt"/>
        <line num="268" count="3" type="stmt"/>
        <line num="269" count="3" type="cond" truecount="1" falsecount="1"/>
        <line num="270" count="3" type="stmt"/>
        <line num="272" count="0" type="stmt"/>
        <line num="277" count="8" type="stmt"/>
        <line num="278" count="2" type="stmt"/>
        <line num="279" count="2" type="stmt"/>
        <line num="281" count="2" type="cond" truecount="1" falsecount="1"/>
        <line num="282" count="0" type="stmt"/>
        <line num="285" count="2" type="cond" truecount="4" falsecount="0"/>
        <line num="286" count="1" type="stmt"/>
        <line num="289" count="1" type="stmt"/>
        <line num="291" count="0" type="stmt"/>
        <line num="296" count="8" type="stmt"/>
        <line num="297" count="1" type="stmt"/>
        <line num="298" count="1" type="stmt"/>
        <line num="300" count="1" type="cond" truecount="1" falsecount="1"/>
        <line num="301" count="0" type="stmt"/>
        <line num="305" count="1" type="cond" truecount="1" falsecount="1"/>
        <line num="306" count="0" type="stmt"/>
        <line num="310" count="1" type="cond" truecount="1" falsecount="1"/>
        <line num="311" count="0" type="stmt"/>
        <line num="315" count="1" type="cond" truecount="2" falsecount="0"/>
        <line num="318" count="1" type="cond" truecount="2" falsecount="0"/>
        <line num="321" count="1" type="cond" truecount="2" falsecount="2"/>
        <line num="322" count="0" type="stmt"/>
        <line num="326" count="1" type="stmt"/>
        <line num="328" count="0" type="stmt"/>
        <line num="333" count="8" type="stmt"/>
        <line num="334" count="2" type="stmt"/>
        <line num="335" count="2" type="stmt"/>
        <line num="337" count="2" type="cond" truecount="1" falsecount="1"/>
        <line num="338" count="0" type="stmt"/>
        <line num="341" count="2" type="cond" truecount="4" falsecount="0"/>
        <line num="342" count="1" type="stmt"/>
        <line num="345" count="1" type="stmt"/>
        <line num="347" count="0" type="stmt"/>
        <line num="352" count="8" type="stmt"/>
        <line num="353" count="1" type="stmt"/>
        <line num="354" count="1" type="stmt"/>
        <line num="356" count="1" type="cond" truecount="1" falsecount="1"/>
        <line num="357" count="0" type="stmt"/>
        <line num="360" count="1" type="cond" truecount="1" falsecount="1"/>
        <line num="361" count="0" type="stmt"/>
        <line num="364" count="1" type="stmt"/>
        <line num="366" count="0" type="stmt"/>
        <line num="371" count="8" type="stmt"/>
        <line num="372" count="4" type="stmt"/>
        <line num="373" count="4" type="stmt"/>
        <line num="376" count="4" type="stmt"/>
        <line num="382" count="4" type="cond" truecount="2" falsecount="0"/>
        <line num="383" count="2" type="stmt"/>
        <line num="386" count="2" type="stmt"/>
        <line num="387" count="2" type="stmt"/>
        <line num="388" count="2" type="stmt"/>
        <line num="390" count="2" type="stmt"/>
        <line num="392" count="2" type="cond" truecount="1" falsecount="1"/>
        <line num="395" count="2" type="stmt"/>
        <line num="397" count="0" type="stmt"/>
        <line num="401" count="8" type="stmt"/>
      </file>
    </package>
  </project>
</coverage>
