TN:
SF:server.js
FN:17,(anonymous_0)
FN:22,(anonymous_1)
FN:29,(anonymous_2)
FN:41,(anonymous_3)
FN:43,(anonymous_4)
FNF:5
FNH:0
FNDA:0,(anonymous_0)
FNDA:0,(anonymous_1)
FNDA:0,(anonymous_2)
FNDA:0,(anonymous_3)
FNDA:0,(anonymous_4)
DA:1,6
DA:2,6
DA:3,6
DA:4,6
DA:6,6
DA:7,6
DA:8,6
DA:11,6
DA:14,6
DA:17,6
DA:18,0
DA:22,6
DA:23,0
DA:24,0
DA:29,6
DA:30,0
DA:31,0
DA:32,0
DA:34,0
DA:39,6
DA:41,0
DA:42,0
DA:43,0
DA:48,6
LF:24
LH:14
BRDA:39,0,0,0
BRDA:39,0,1,6
BRDA:42,1,0,0
BRDA:42,1,1,0
BRF:4
BRH:1
end_of_record
TN:
SF:models\Game.js
FNF:0
FNH:0
DA:1,7
DA:3,7
DA:93,7
DA:94,7
DA:95,7
DA:97,7
LF:6
LH:6
BRF:0
BRH:0
end_of_record
TN:
SF:routes\gameRoutes.js
FN:7,(anonymous_0)
FN:9,(anonymous_1)
FN:13,(anonymous_2)
FN:19,(anonymous_3)
FN:27,(anonymous_4)
FN:64,(anonymous_5)
FN:97,(anonymous_6)
FN:119,(anonymous_7)
FN:129,(anonymous_8)
FN:142,(anonymous_9)
FN:156,(anonymous_10)
FN:167,(anonymous_11)
FN:176,(anonymous_12)
FN:205,(anonymous_13)
FN:234,(anonymous_14)
FN:246,(anonymous_15)
FN:257,(anonymous_16)
FN:268,(anonymous_17)
FN:279,(anonymous_18)
FN:298,(anonymous_19)
FN:335,(anonymous_20)
FN:354,(anonymous_21)
FN:373,(anonymous_22)
FNF:23
FNH:23
FNDA:73,(anonymous_0)
FNDA:73,(anonymous_1)
FNDA:53,(anonymous_2)
FNDA:33,(anonymous_3)
FNDA:103,(anonymous_4)
FNDA:14,(anonymous_5)
FNDA:10,(anonymous_6)
FNDA:2,(anonymous_7)
FNDA:1,(anonymous_8)
FNDA:11,(anonymous_9)
FNDA:10,(anonymous_10)
FNDA:2,(anonymous_11)
FNDA:3,(anonymous_12)
FNDA:3,(anonymous_13)
FNDA:4,(anonymous_14)
FNDA:1,(anonymous_15)
FNDA:1,(anonymous_16)
FNDA:3,(anonymous_17)
FNDA:2,(anonymous_18)
FNDA:1,(anonymous_19)
FNDA:2,(anonymous_20)
FNDA:1,(anonymous_21)
FNDA:4,(anonymous_22)
DA:1,8
DA:2,8
DA:3,8
DA:4,8
DA:7,8
DA:8,73
DA:9,73
DA:11,73
DA:13,73
DA:14,53
DA:15,53
DA:16,53
DA:19,73
DA:20,33
DA:21,33
DA:22,6
DA:24,27
DA:27,73
DA:28,103
DA:31,103
DA:32,53
DA:36,103
DA:38,46
DA:42,103
DA:43,33
DA:46,103
DA:50,73
DA:51,15
DA:54,58
DA:55,56
DA:58,73
DA:60,73
DA:64,8
DA:65,14
DA:67,14
DA:68,14
DA:71,14
DA:73,14
DA:74,14
DA:76,14
DA:77,14
DA:79,14
DA:84,13
DA:86,13
DA:92,1
DA:97,8
DA:98,10
DA:99,10
DA:100,10
DA:102,10
DA:103,10
DA:104,10
DA:105,10
DA:107,10
DA:108,2
DA:111,10
DA:112,9
DA:114,1
DA:119,8
DA:120,2
DA:121,2
DA:122,2
DA:124,0
DA:129,8
DA:130,1
DA:131,1
DA:135,1
DA:137,0
DA:142,8
DA:143,11
DA:144,11
DA:145,11
DA:147,8
DA:149,5
DA:151,3
DA:156,8
DA:157,10
DA:158,10
DA:159,9
DA:160,7
DA:162,3
DA:167,8
DA:168,2
DA:170,2
DA:172,2
DA:176,8
DA:177,3
DA:178,3
DA:179,2
DA:182,3
DA:183,3
DA:185,3
DA:191,3
DA:192,1
DA:193,1
DA:196,2
DA:197,2
DA:199,0
DA:200,0
DA:205,8
DA:206,3
DA:207,3
DA:208,0
DA:211,3
DA:212,3
DA:214,3
DA:220,2
DA:221,0
DA:222,0
DA:225,2
DA:226,2
DA:228,1
DA:229,1
DA:234,8
DA:235,4
DA:236,4
DA:238,4
DA:239,3
DA:241,0
DA:246,8
DA:247,1
DA:248,1
DA:249,1
DA:250,1
DA:252,0
DA:257,8
DA:258,1
DA:259,1
DA:260,1
DA:261,1
DA:263,0
DA:268,8
DA:269,3
DA:270,3
DA:271,3
DA:272,3
DA:274,0
DA:279,8
DA:280,2
DA:281,2
DA:283,2
DA:284,0
DA:287,2
DA:288,1
DA:291,1
DA:293,0
DA:298,8
DA:299,1
DA:300,1
DA:302,1
DA:303,0
DA:307,1
DA:308,0
DA:312,1
DA:313,0
DA:317,1
DA:320,1
DA:323,1
DA:324,0
DA:328,1
DA:330,0
DA:335,8
DA:336,2
DA:337,2
DA:339,2
DA:340,0
DA:343,2
DA:344,1
DA:347,1
DA:349,0
DA:354,8
DA:355,1
DA:356,1
DA:358,1
DA:359,0
DA:362,1
DA:363,0
DA:366,1
DA:368,0
DA:373,8
DA:374,4
DA:375,4
DA:378,4
DA:384,4
DA:385,2
DA:388,2
DA:389,2
DA:390,2
DA:392,2
DA:394,2
DA:397,2
DA:399,0
DA:403,8
LF:193
LH:169
BRDA:14,0,0,0
BRDA:14,0,1,53
BRDA:20,1,0,0
BRDA:20,1,1,33
BRDA:21,2,0,6
BRDA:21,2,1,27
BRDA:28,3,0,0
BRDA:28,3,1,103
BRDA:31,4,0,53
BRDA:31,4,1,50
BRDA:36,5,0,46
BRDA:36,5,1,57
BRDA:36,6,0,103
BRDA:36,6,1,54
BRDA:42,7,0,33
BRDA:42,7,1,70
BRDA:50,8,0,15
BRDA:50,8,1,58
BRDA:54,9,0,56
BRDA:54,9,1,2
BRDA:54,10,0,58
BRDA:54,10,1,58
BRDA:67,11,0,14
BRDA:67,11,1,10
BRDA:68,12,0,14
BRDA:68,12,1,9
BRDA:71,13,0,1
BRDA:71,13,1,13
BRDA:76,14,0,4
BRDA:76,14,1,10
BRDA:77,15,0,4
BRDA:77,15,1,10
BRDA:102,16,0,6
BRDA:102,16,1,4
BRDA:103,17,0,0
BRDA:103,17,1,10
BRDA:104,18,0,1
BRDA:104,18,1,9
BRDA:105,19,0,2
BRDA:105,19,1,8
BRDA:107,20,0,2
BRDA:107,20,1,8
BRDA:144,21,0,2
BRDA:144,21,1,9
BRDA:147,22,0,3
BRDA:147,22,1,5
BRDA:168,23,0,2
BRDA:168,23,1,0
BRDA:168,24,0,2
BRDA:168,24,1,2
BRDA:178,25,0,2
BRDA:178,25,1,1
BRDA:191,26,0,1
BRDA:191,26,1,2
BRDA:207,27,0,0
BRDA:207,27,1,3
BRDA:220,28,0,0
BRDA:220,28,1,2
BRDA:238,29,0,1
BRDA:238,29,1,3
BRDA:249,30,0,0
BRDA:249,30,1,1
BRDA:260,31,0,0
BRDA:260,31,1,1
BRDA:271,32,0,0
BRDA:271,32,1,3
BRDA:283,33,0,0
BRDA:283,33,1,2
BRDA:287,34,0,1
BRDA:287,34,1,1
BRDA:287,35,0,2
BRDA:287,35,1,2
BRDA:302,36,0,0
BRDA:302,36,1,1
BRDA:307,37,0,0
BRDA:307,37,1,1
BRDA:312,38,0,0
BRDA:312,38,1,1
BRDA:317,39,0,1
BRDA:317,39,1,1
BRDA:320,40,0,1
BRDA:320,40,1,1
BRDA:323,41,0,0
BRDA:323,41,1,1
BRDA:323,42,0,1
BRDA:323,42,1,0
BRDA:339,43,0,0
BRDA:339,43,1,2
BRDA:343,44,0,1
BRDA:343,44,1,1
BRDA:343,45,0,2
BRDA:343,45,1,2
BRDA:358,46,0,0
BRDA:358,46,1,1
BRDA:362,47,0,0
BRDA:362,47,1,1
BRDA:384,48,0,2
BRDA:384,48,1,2
BRDA:394,49,0,0
BRDA:394,49,1,2
BRF:100
BRH:80
end_of_record
