TN:
SF:server.js
FN:17,(anonymous_0)
FN:22,(anonymous_1)
FN:29,(anonymous_2)
FN:41,(anonymous_3)
FN:43,(anonymous_4)
FNF:5
FNH:0
FNDA:0,(anonymous_0)
FNDA:0,(anonymous_1)
FNDA:0,(anonymous_2)
FNDA:0,(anonymous_3)
FNDA:0,(anonymous_4)
DA:1,1
DA:2,1
DA:3,1
DA:4,1
DA:6,1
DA:7,1
DA:8,1
DA:11,1
DA:14,1
DA:17,1
DA:18,0
DA:22,1
DA:23,0
DA:24,0
DA:29,1
DA:30,0
DA:31,0
DA:32,0
DA:34,0
DA:39,1
DA:41,0
DA:42,0
DA:43,0
DA:48,1
LF:24
LH:14
BRDA:39,0,0,0
BRDA:39,0,1,1
BRDA:42,1,0,0
BRDA:42,1,1,0
BRF:4
BRH:1
end_of_record
TN:
SF:models\Game.js
FNF:0
FNH:0
DA:1,1
DA:3,1
DA:78,1
DA:79,1
DA:80,1
DA:82,1
LF:6
LH:6
BRF:0
BRH:0
end_of_record
TN:
SF:routes\gameRoutes.js
FN:7,(anonymous_0)
FN:9,(anonymous_1)
FN:13,(anonymous_2)
FN:19,(anonymous_3)
FN:27,(anonymous_4)
FN:63,(anonymous_5)
FN:89,(anonymous_6)
FN:111,(anonymous_7)
FN:121,(anonymous_8)
FN:135,(anonymous_9)
FN:146,(anonymous_10)
FN:155,(anonymous_11)
FN:184,(anonymous_12)
FN:213,(anonymous_13)
FN:225,(anonymous_14)
FN:236,(anonymous_15)
FN:247,(anonymous_16)
FN:258,(anonymous_17)
FN:269,(anonymous_18)
FN:280,(anonymous_19)
FN:293,(anonymous_20)
FN:312,(anonymous_21)
FNF:22
FNH:13
FNDA:18,(anonymous_0)
FNDA:18,(anonymous_1)
FNDA:10,(anonymous_2)
FNDA:0,(anonymous_3)
FNDA:18,(anonymous_4)
FNDA:3,(anonymous_5)
FNDA:1,(anonymous_6)
FNDA:0,(anonymous_7)
FNDA:3,(anonymous_8)
FNDA:7,(anonymous_9)
FNDA:1,(anonymous_10)
FNDA:1,(anonymous_11)
FNDA:1,(anonymous_12)
FNDA:1,(anonymous_13)
FNDA:0,(anonymous_14)
FNDA:0,(anonymous_15)
FNDA:1,(anonymous_16)
FNDA:0,(anonymous_17)
FNDA:0,(anonymous_18)
FNDA:0,(anonymous_19)
FNDA:0,(anonymous_20)
FNDA:0,(anonymous_21)
DA:1,1
DA:2,1
DA:3,1
DA:4,1
DA:7,1
DA:8,18
DA:9,18
DA:11,18
DA:13,18
DA:14,10
DA:15,10
DA:16,10
DA:19,18
DA:20,0
DA:21,0
DA:22,0
DA:24,0
DA:27,18
DA:28,18
DA:31,18
DA:32,10
DA:36,18
DA:38,10
DA:42,18
DA:43,0
DA:46,18
DA:50,18
DA:51,1
DA:54,17
DA:55,17
DA:58,18
DA:60,18
DA:63,1
DA:64,3
DA:65,3
DA:66,3
DA:68,3
DA:69,3
DA:71,3
DA:76,3
DA:78,3
DA:84,0
DA:89,1
DA:90,1
DA:91,1
DA:92,1
DA:94,1
DA:95,1
DA:96,1
DA:97,1
DA:99,1
DA:100,0
DA:103,1
DA:104,1
DA:106,0
DA:111,1
DA:112,0
DA:113,0
DA:114,0
DA:116,0
DA:121,1
DA:122,3
DA:123,3
DA:124,3
DA:126,2
DA:128,1
DA:130,1
DA:135,1
DA:136,7
DA:137,7
DA:138,7
DA:139,6
DA:141,1
DA:146,1
DA:147,1
DA:149,1
DA:151,1
DA:155,1
DA:156,1
DA:157,1
DA:158,1
DA:161,1
DA:162,1
DA:164,1
DA:170,1
DA:171,0
DA:172,0
DA:175,1
DA:176,1
DA:178,0
DA:179,0
DA:184,1
DA:185,1
DA:186,1
DA:187,0
DA:190,1
DA:191,1
DA:193,1
DA:199,1
DA:200,0
DA:201,0
DA:204,1
DA:205,1
DA:207,0
DA:208,0
DA:213,1
DA:214,1
DA:215,1
DA:217,1
DA:218,1
DA:220,0
DA:225,1
DA:226,0
DA:227,0
DA:228,0
DA:229,0
DA:231,0
DA:236,1
DA:237,0
DA:238,0
DA:239,0
DA:240,0
DA:242,0
DA:247,1
DA:248,1
DA:249,1
DA:250,1
DA:251,1
DA:253,0
DA:258,1
DA:259,0
DA:260,0
DA:261,0
DA:262,0
DA:264,0
DA:269,1
DA:270,0
DA:271,0
DA:272,0
DA:273,0
DA:275,0
DA:280,1
DA:281,0
DA:282,0
DA:286,0
DA:288,0
DA:293,1
DA:294,0
DA:295,0
DA:297,0
DA:298,0
DA:301,0
DA:302,0
DA:305,0
DA:307,0
DA:312,1
DA:313,0
DA:314,0
DA:317,0
DA:323,0
DA:324,0
DA:327,0
DA:328,0
DA:329,0
DA:331,0
DA:333,0
DA:336,0
DA:338,0
DA:342,1
LF:169
LH:102
BRDA:14,0,0,0
BRDA:14,0,1,10
BRDA:20,1,0,0
BRDA:20,1,1,0
BRDA:21,2,0,0
BRDA:21,2,1,0
BRDA:28,3,0,0
BRDA:28,3,1,18
BRDA:31,4,0,10
BRDA:31,4,1,8
BRDA:36,5,0,10
BRDA:36,5,1,8
BRDA:36,6,0,18
BRDA:36,6,1,10
BRDA:42,7,0,0
BRDA:42,7,1,18
BRDA:50,8,0,1
BRDA:50,8,1,17
BRDA:54,9,0,17
BRDA:54,9,1,0
BRDA:54,10,0,17
BRDA:54,10,1,17
BRDA:65,11,0,2
BRDA:65,12,0,2
BRDA:68,13,0,1
BRDA:68,13,1,2
BRDA:69,14,0,1
BRDA:69,14,1,2
BRDA:94,15,0,1
BRDA:94,15,1,0
BRDA:95,16,0,0
BRDA:95,16,1,1
BRDA:96,17,0,0
BRDA:96,17,1,1
BRDA:97,18,0,0
BRDA:97,18,1,1
BRDA:99,19,0,0
BRDA:99,19,1,1
BRDA:123,20,0,0
BRDA:123,20,1,3
BRDA:126,21,0,1
BRDA:126,21,1,1
BRDA:147,22,0,1
BRDA:147,22,1,0
BRDA:147,23,0,1
BRDA:147,23,1,1
BRDA:157,24,0,1
BRDA:157,24,1,0
BRDA:170,25,0,0
BRDA:170,25,1,1
BRDA:186,26,0,0
BRDA:186,26,1,1
BRDA:199,27,0,0
BRDA:199,27,1,1
BRDA:217,28,0,0
BRDA:217,28,1,1
BRDA:228,29,0,0
BRDA:228,29,1,0
BRDA:239,30,0,0
BRDA:239,30,1,0
BRDA:250,31,0,0
BRDA:250,31,1,1
BRDA:261,32,0,0
BRDA:261,32,1,0
BRDA:272,33,0,0
BRDA:272,33,1,0
BRDA:297,34,0,0
BRDA:297,34,1,0
BRDA:301,35,0,0
BRDA:301,35,1,0
BRDA:301,36,0,0
BRDA:301,36,1,0
BRDA:323,37,0,0
BRDA:323,37,1,0
BRDA:333,38,0,0
BRDA:333,38,1,0
BRF:76
BRH:37
end_of_record
